#
# A fatal error has been detected by the Java Runtime Environment:
#
#  SIGSEGV (0xb) at pc=0x000000010d9a5029, pid=3094, tid=0x0000000000002603
#
# JRE version: OpenJDK Runtime Environment (8.0_112-b06) (build 1.8.0_112-release-b06)
# Java VM: OpenJDK 64-Bit Server VM (25.112-b06 mixed mode bsd-amd64 compressed oops)
# Problematic frame:
# V  [libjvm.dylib+0x1a5029]  oopDesc::size()+0x2d
#
# Failed to write core dump. Core dumps have been disabled. To enable core dumping, try "ulimit -c unlimited" before starting Java again
#
# If you would like to submit a bug report, please visit:
#   http://bugreport.java.com/bugreport/crash.jsp
#

---------------  T H R E A D  ---------------

Current thread (0x00007fe9f4005000):  GCTaskThread [stack: 0x000070000c4f9000,0x000070000c5f9000] [id=9731]

siginfo: si_signo: 11 (SIGSEGV), si_code: 1 (SEGV_MAPERR), si_addr: 0x0000000000000008

Registers:
RAX=0x000000010dfe4d60, RBX=0x00000000f4e302bc, RCX=0x0000000000000003, RDX=0x0000000000000001
RSP=0x000070000c5f8bd0, RBP=0x000070000c5f8bd0, RSI=0x00000007a7180c30, RDI=0x0000000000000000
R8 =0x000000010e08c250, R9 =0x00000007a86c8000, R10=0x00000007a86d0000, R11=0x0000000001549001
R12=0x000000010e086b76, R13=0x00000007a86c94cd, R14=0x00007fe9f38007c0, R15=0x00007fe9f3800858
RIP=0x000000010d9a5029, EFLAGS=0x0000000000010246, ERR=0x0000000000000004
  TRAPNO=0x000000000000000e

Top of Stack: (sp=0x000070000c5f8bd0)
0x000070000c5f8bd0:   000070000c5f8c40 000000010dc9800d
0x000070000c5f8be0:   000070000c5f8c70 00000007a7180c30
0x000070000c5f8bf0:   00000007a86c8000 0000000000001000
0x000070000c5f8c00:   0000000763e8ba78 0000000000000400
0x000070000c5f8c10:   0000000000000079 00000007a86c94cd
0x000070000c5f8c20:   000000010e086b76 00000007a86c94cd
0x000070000c5f8c30:   00000007a86c94cc 00007fe9f3800858
0x000070000c5f8c40:   000070000c5f8c60 000000010dc98523
0x000070000c5f8c50:   00007fe9f38007c0 00007fe9f3800820
0x000070000c5f8c60:   000070000c5f8cc0 000000010dc97541
0x000070000c5f8c70:   0000000763b22db4 00000007c0001868
0x000070000c5f8c80:   00000007a86c94cd 00000007c0001868
0x000070000c5f8c90:   00007fe9f38007c0 0000000763b22e50
0x000070000c5f8ca0:   000000011d6d3917 0000000763b22e00
0x000070000c5f8cb0:   000000011d6d3981 0000000000000240
0x000070000c5f8cc0:   000070000c5f8d80 000000010d955dd8
0x000070000c5f8cd0:   0000000000000000 0000000000000200
0x000070000c5f8ce0:   fffffffee292abd1 0000000000000100
0x000070000c5f8cf0:   000000011d6d542d 0000000119bb6100
0x000070000c5f8d00:   000000011d6d542e 0000000003b1d800
0x000070000c5f8d10:   fffffffee292c67f 0000000003b1f42e
0x000070000c5f8d20:   000000011d6d3980 000000011d6d3905
0x000070000c5f8d30:   0000000763e85a78 0000000763b30000
0x000070000c5f8d40:   00007fe9f2404b00 00007fe9f38007c0
0x000070000c5f8d50:   00007fe9f2601bf0 00007fe9f240a4b0
0x000070000c5f8d60:   0000000000000000 000000010dddb9bd
0x000070000c5f8d70:   00007fe9f38007c0 0000000000000001
0x000070000c5f8d80:   000070000c5f8db0 000000010dc9b00f
0x000070000c5f8d90:   0000000000000004 00007fe9f25111f0
0x000070000c5f8da0:   00007fe9f4005000 00007fe9f240a4b0
0x000070000c5f8db0:   000070000c5f8e90 000000010da6dc37
0x000070000c5f8dc0:   000070000c5f8df0 00007fe9f2406690 

Instructions: (pc=0x000000010d9a5029)
0x000000010d9a5009:   84 d2 48 89 fe 74 15 48 8d 05 49 fd 63 00 8a 48
0x000000010d9a5019:   08 8b 7e 08 48 d3 e7 48 03 38 eb 04 48 8b 7e 08
0x000000010d9a5029:   8b 47 08 85 c0 7e 09 a8 01 75 4e c1 f8 03 eb 47
0x000000010d9a5039:   85 c0 7f 43 85 c0 79 41 84 d2 0f 94 c1 0f b6 c9 

Register to memory mapping:

RAX=0x000000010dfe4d60: _ZN8Universe13_narrow_klassE+0 in /Applications/Android Studio.app/Contents/jre/jdk/Contents/Home/jre/lib/server/libjvm.dylib at 0x000000010d800000
RBX=0x00000000f4e302bc is an unknown value
RCX=0x0000000000000003 is an unknown value
RDX=0x0000000000000001 is an unknown value
RSP=0x000070000c5f8bd0 is an unknown value
RBP=0x000070000c5f8bd0 is an unknown value
RSI=0x00000007a7180c30 is an oop

[error occurred during error reporting (printing register info), id 0xb]

Stack: [0x000070000c4f9000,0x000070000c5f9000],  sp=0x000070000c5f8bd0,  free space=1022k
Native frames: (J=compiled Java code, j=interpreted, Vv=VM code, C=native code)
V  [libjvm.dylib+0x1a5029]  oopDesc::size()+0x2d
V  [libjvm.dylib+0x49800d]  oopDesc* PSPromotionManager::copy_to_survivor_space<false>(oopDesc*)+0x35
V  [libjvm.dylib+0x498523]  PSPromotionManager::process_popped_location_depth(StarTask)+0x73
V  [libjvm.dylib+0x497541]  PSPromotionManager::drain_stacks_depth(bool)+0x117
V  [libjvm.dylib+0x155dd8]  CardTableExtension::scavenge_contents_parallel(ObjectStartArray*, MutableSpace*, HeapWord*, PSPromotionManager*, unsigned int, unsigned int)+0x380
V  [libjvm.dylib+0x49b00f]  OldToYoungRootsTask::do_it(GCTaskManager*, unsigned int)+0x4b
V  [libjvm.dylib+0x26dc37]  GCTaskThread::run()+0x1a1
V  [libjvm.dylib+0x45bf0a]  java_start(Thread*)+0xf6
C  [libsystem_pthread.dylib+0x3aab]  _pthread_body+0xb4
C  [libsystem_pthread.dylib+0x39f7]  _pthread_body+0x0
C  [libsystem_pthread.dylib+0x31fd]  thread_start+0xd


---------------  P R O C E S S  ---------------

Java Threads: ( => current thread )
  0x00007fe9f75dd000 JavaThread "Stdin handler" [_thread_blocked, id=32551, stack(0x000070000d7b2000,0x000070000d8b2000)]
  0x00007fe9f74be000 JavaThread "Asynchronous log dispatcher for DefaultDaemonConnection: socket connection from /127.0.0.1:53256 to /127.0.0.1:56689" [_thread_blocked, id=30771, stack(0x000070000d6af000,0x000070000d7af000)]
  0x00007fe9f89a6800 JavaThread "Daemon worker Thread 31" [_thread_blocked, id=31795, stack(0x000070000d5ac000,0x000070000d6ac000)]
  0x00007fe9f7cf7000 JavaThread "Cancel handler" [_thread_blocked, id=27351, stack(0x000070000d4a9000,0x000070000d5a9000)]
  0x00007fe9f351b000 JavaThread "Handler for socket connection from /127.0.0.1:53256 to /127.0.0.1:56689" [_thread_in_native, id=31019, stack(0x000070000d3a6000,0x000070000d4a6000)]
  0x00007fe9f8efe000 JavaThread "Daemon Thread 31" [_thread_blocked, id=26815, stack(0x000070000d2a3000,0x000070000d3a3000)]
  0x00007fe9f5636800 JavaThread "pool-4-thread-4" [_thread_blocked, id=28191, stack(0x000070000dff5000,0x000070000e0f5000)]
  0x00007fe9f6b01000 JavaThread "pool-4-thread-3" [_thread_blocked, id=22795, stack(0x000070000def2000,0x000070000dff2000)]
  0x00007fe9f7993800 JavaThread "pool-4-thread-2" [_thread_blocked, id=25871, stack(0x000070000ddef000,0x000070000deef000)]
  0x00007fe9f898b800 JavaThread "pool-4-thread-1" [_thread_blocked, id=25351, stack(0x000070000dcec000,0x000070000ddec000)]
  0x00007fe9f46fb800 JavaThread "File lock request listener" [_thread_in_native, id=24839, stack(0x000070000d9e3000,0x000070000dae3000)]
  0x00007fe9f2b66800 JavaThread "pool-1-thread-1" [_thread_blocked, id=23303, stack(0x000070000d8b5000,0x000070000d9b5000)]
  0x00007fe9f4567800 JavaThread "Incoming local TCP Connector on port 53256" [_thread_in_native, id=19715, stack(0x000070000d1a0000,0x000070000d2a0000)]
  0x00007fe9f383b000 JavaThread "Service Thread" daemon [_thread_blocked, id=18691, stack(0x000070000cf9a000,0x000070000d09a000)]
  0x00007fe9f406c800 JavaThread "C1 CompilerThread2" daemon [_thread_blocked, id=18179, stack(0x000070000ce97000,0x000070000cf97000)]
  0x00007fe9f406c000 JavaThread "C2 CompilerThread1" daemon [_thread_blocked, id=17667, stack(0x000070000cd94000,0x000070000ce94000)]
  0x00007fe9f4054800 JavaThread "C2 CompilerThread0" daemon [_thread_blocked, id=17155, stack(0x000070000cc91000,0x000070000cd91000)]
  0x00007fe9f4060000 JavaThread "Signal Dispatcher" daemon [_thread_blocked, id=16643, stack(0x000070000cb8e000,0x000070000cc8e000)]
  0x00007fe9f3004800 JavaThread "Finalizer" daemon [_thread_blocked, id=12291, stack(0x000070000ca08000,0x000070000cb08000)]
  0x00007fe9f281d800 JavaThread "Reference Handler" daemon [_thread_blocked, id=11779, stack(0x000070000c905000,0x000070000ca05000)]
  0x00007fe9f2809800 JavaThread "main" [_thread_blocked, id=6915, stack(0x000070000c2f3000,0x000070000c3f3000)]

Other Threads:
  0x00007fe9f3801000 VMThread [stack: 0x000070000c802000,0x000070000c902000] [id=11267]
  0x00007fe9f281e800 WatcherThread [stack: 0x000070000d09d000,0x000070000d19d000] [id=19203]

=>0x00007fe9f4005000 (exited) GCTaskThread [stack: 0x000070000c4f9000,0x000070000c5f9000] [id=9731]

VM state:at safepoint (normal execution)

VM Mutex/Monitor currently owned by a thread:  ([mutex/lock_event])
[0x00007fe9f24031b0] Threads_lock - owner thread: 0x00007fe9f3801000
[0x00007fe9f24036b0] Heap_lock - owner thread: 0x00007fe9f89a6800

Heap:
 PSYoungGen      total 125440K, used 125348K [0x00000007a0000000, 0x00000007a9d00000, 0x00000007c0000000)
  eden space 111616K, 100% used [0x00000007a0000000,0x00000007a6d00000,0x00000007a6d00000)
  from space 13824K, 99% used [0x00000007a6f80000,0x00000007a7ce9388,0x00000007a7d00000)
  to   space 24576K, 37% used [0x00000007a8500000,0x00000007a8e18ab8,0x00000007a9d00000)
 ParOldGen       total 160768K, used 64406K [0x0000000760000000, 0x0000000769d00000, 0x00000007a0000000)
  object space 160768K, 40% used [0x0000000760000000,0x0000000763ee5a88,0x0000000769d00000)
 Metaspace       used 74798K, capacity 81636K, committed 81792K, reserved 1120256K
  class space    used 9275K, capacity 10044K, committed 10112K, reserved 1048576K

Card table byte_map: [0x000000011d6b6000,0x000000011d9b7000] byte_map_base: 0x0000000119bb6000

Marking Bits: (ParMarkBitMap*) 0x000000010e08bed0
 Begin Bits: [0x000000011dbb7000, 0x000000011f3b7000)
 End Bits:   [0x000000011f3b7000, 0x0000000120bb7000)

Polling page: 0x000000010cda3000

CodeCache: size=245760Kb used=63681Kb max_used=63704Kb free=182078Kb
 bounds [0x000000010e2f6000, 0x00000001121a6000, 0x000000011d2f6000]
 total_blobs=18984 nmethods=18189 adapters=707
 compilation: enabled

Compilation events (10 events):
Event: 6598.372 Thread 0x00007fe9f406c800 nmethod 25684 0x000000010f5dd290 code [0x000000010f5dd460, 0x000000010f5ddc98]
Event: 6598.378 Thread 0x00007fe9f406c800 25687       3       org.codehaus.groovy.runtime.callsite.CallSiteArray::createCallCurrentSite (113 bytes)
Event: 6598.379 Thread 0x00007fe9f406c000 nmethod 25686 0x0000000111fb71d0 code [0x0000000111fb7360, 0x0000000111fb77d8]
Event: 6598.380 Thread 0x00007fe9f406c800 nmethod 25687 0x0000000111fb7e50 code [0x0000000111fb80a0, 0x0000000111fb9078]
Event: 6598.380 Thread 0x00007fe9f406c800 25688       3       org.gradle.api.internal.artifacts.DefaultArtifactRepositoryContainer::configure (6 bytes)
Event: 6598.381 Thread 0x00007fe9f406c800 nmethod 25688 0x000000010eed2850 code [0x000000010eed29e0, 0x000000010eed2d98]
Event: 6598.381 Thread 0x00007fe9f406c800 25689       3       org.gradle.api.internal.artifacts.DefaultArtifactRepositoryContainer::configure (9 bytes)
Event: 6598.381 Thread 0x00007fe9f406c800 nmethod 25689 0x0000000111fb6c10 code [0x0000000111fb6da0, 0x0000000111fb7078]
Event: 6598.381 Thread 0x00007fe9f4054800 25690       4       groovy.lang.GroovyObjectSupport::<init> (16 bytes)
Event: 6598.395 Thread 0x00007fe9f406c000 25691       4       org.gradle.api.internal.artifacts.ivyservice.ivyresolve.parser.GradlePomModuleDescriptorBuilder::addDependency (441 bytes)

GC Heap History (10 events):
Event: 6350.917 GC heap after
Heap after GC invocations=62 (full 3):
 PSYoungGen      total 139264K, used 20224K [0x00000007a0000000, 0x00000007aaa00000, 0x00000007c0000000)
  eden space 118784K, 0% used [0x00000007a0000000,0x00000007a0000000,0x00000007a7400000)
  from space 20480K, 98% used [0x00000007a7700000,0x00000007a8ac0358,0x00000007a8b00000)
  to   space 27648K, 0% used [0x00000007a8f00000,0x00000007a8f00000,0x00000007aaa00000)
 ParOldGen       total 160768K, used 63830K [0x0000000760000000, 0x0000000769d00000, 0x00000007a0000000)
  object space 160768K, 39% used [0x0000000760000000,0x0000000763e55a78,0x0000000769d00000)
 Metaspace       used 74590K, capacity 81310K, committed 81536K, reserved 1120256K
  class space    used 9246K, capacity 10014K, committed 10112K, reserved 1048576K
}
Event: 6351.653 GC heap before
{Heap before GC invocations=63 (full 3):
 PSYoungGen      total 139264K, used 138505K [0x00000007a0000000, 0x00000007aaa00000, 0x00000007c0000000)
  eden space 118784K, 99% used [0x00000007a0000000,0x00000007a7382308,0x00000007a7400000)
  from space 20480K, 98% used [0x00000007a7700000,0x00000007a8ac0358,0x00000007a8b00000)
  to   space 27648K, 0% used [0x00000007a8f00000,0x00000007a8f00000,0x00000007aaa00000)
 ParOldGen       total 160768K, used 63830K [0x0000000760000000, 0x0000000769d00000, 0x00000007a0000000)
  object space 160768K, 39% used [0x0000000760000000,0x0000000763e55a78,0x0000000769d00000)
 Metaspace       used 74615K, capacity 81332K, committed 81536K, reserved 1120256K
  class space    used 9248K, capacity 10016K, committed 10112K, reserved 1048576K
Event: 6351.671 GC heap after
Heap after GC invocations=63 (full 3):
 PSYoungGen      total 146944K, used 14350K [0x00000007a0000000, 0x00000007ab100000, 0x00000007c0000000)
  eden space 119296K, 0% used [0x00000007a0000000,0x00000007a0000000,0x00000007a7480000)
  from space 27648K, 51% used [0x00000007a8f00000,0x00000007a9d03830,0x00000007aaa00000)
  to   space 27136K, 0% used [0x00000007a7480000,0x00000007a7480000,0x00000007a8f00000)
 ParOldGen       total 160768K, used 63830K [0x0000000760000000, 0x0000000769d00000, 0x00000007a0000000)
  object space 160768K, 39% used [0x0000000760000000,0x0000000763e55a78,0x0000000769d00000)
 Metaspace       used 74615K, capacity 81332K, committed 81536K, reserved 1120256K
  class space    used 9248K, capacity 10016K, committed 10112K, reserved 1048576K
}
Event: 6426.955 GC heap before
{Heap before GC invocations=64 (full 3):
 PSYoungGen      total 146944K, used 133642K [0x00000007a0000000, 0x00000007ab100000, 0x00000007c0000000)
  eden space 119296K, 99% used [0x00000007a0000000,0x00000007a747f148,0x00000007a7480000)
  from space 27648K, 51% used [0x00000007a8f00000,0x00000007a9d03830,0x00000007aaa00000)
  to   space 27136K, 0% used [0x00000007a7480000,0x00000007a7480000,0x00000007a8f00000)
 ParOldGen       total 160768K, used 63830K [0x0000000760000000, 0x0000000769d00000, 0x00000007a0000000)
  object space 160768K, 39% used [0x0000000760000000,0x0000000763e55a78,0x0000000769d00000)
 Metaspace       used 74665K, capacity 81420K, committed 81536K, reserved 1120256K
  class space    used 9256K, capacity 10024K, committed 10112K, reserved 1048576K
Event: 6426.976 GC heap after
Heap after GC invocations=64 (full 3):
 PSYoungGen      total 130560K, used 13416K [0x00000007a0000000, 0x00000007aa500000, 0x00000007c0000000)
  eden space 116736K, 0% used [0x00000007a0000000,0x00000007a0000000,0x00000007a7200000)
  from space 13824K, 97% used [0x00000007a7480000,0x00000007a819a300,0x00000007a8200000)
  to   space 26112K, 0% used [0x00000007a8b80000,0x00000007a8b80000,0x00000007aa500000)
 ParOldGen       total 160768K, used 63894K [0x0000000760000000, 0x0000000769d00000, 0x00000007a0000000)
  object space 160768K, 39% used [0x0000000760000000,0x0000000763e65a78,0x0000000769d00000)
 Metaspace       used 74665K, capacity 81420K, committed 81536K, reserved 1120256K
  class space    used 9256K, capacity 10024K, committed 10112K, reserved 1048576K
}
Event: 6486.131 GC heap before
{Heap before GC invocations=65 (full 3):
 PSYoungGen      total 130560K, used 130152K [0x00000007a0000000, 0x00000007aa500000, 0x00000007c0000000)
  eden space 116736K, 100% used [0x00000007a0000000,0x00000007a7200000,0x00000007a7200000)
  from space 13824K, 97% used [0x00000007a7480000,0x00000007a819a300,0x00000007a8200000)
  to   space 26112K, 0% used [0x00000007a8b80000,0x00000007a8b80000,0x00000007aa500000)
 ParOldGen       total 160768K, used 63894K [0x0000000760000000, 0x0000000769d00000, 0x00000007a0000000)
  object space 160768K, 39% used [0x0000000760000000,0x0000000763e65a78,0x0000000769d00000)
 Metaspace       used 74689K, capacity 81438K, committed 81536K, reserved 1120256K
  class space    used 9257K, capacity 10026K, committed 10112K, reserved 1048576K
Event: 6486.152 GC heap after
Heap after GC invocations=65 (full 3):
 PSYoungGen      total 135680K, used 9317K [0x00000007a0000000, 0x00000007aa080000, 0x00000007c0000000)
  eden space 114176K, 0% used [0x00000007a0000000,0x00000007a0000000,0x00000007a6f80000)
  from space 21504K, 43% used [0x00000007a8b80000,0x00000007a9499510,0x00000007aa080000)
  to   space 25088K, 0% used [0x00000007a6f80000,0x00000007a6f80000,0x00000007a8800000)
 ParOldGen       total 160768K, used 63934K [0x0000000760000000, 0x0000000769d00000, 0x00000007a0000000)
  object space 160768K, 39% used [0x0000000760000000,0x0000000763e6fa78,0x0000000769d00000)
 Metaspace       used 74689K, capacity 81438K, committed 81536K, reserved 1120256K
  class space    used 9257K, capacity 10026K, committed 10112K, reserved 1048576K
}
Event: 6487.478 GC heap before
{Heap before GC invocations=66 (full 3):
 PSYoungGen      total 135680K, used 123493K [0x00000007a0000000, 0x00000007aa080000, 0x00000007c0000000)
  eden space 114176K, 100% used [0x00000007a0000000,0x00000007a6f80000,0x00000007a6f80000)
  from space 21504K, 43% used [0x00000007a8b80000,0x00000007a9499510,0x00000007aa080000)
  to   space 25088K, 0% used [0x00000007a6f80000,0x00000007a6f80000,0x00000007a8800000)
 ParOldGen       total 160768K, used 63934K [0x0000000760000000, 0x0000000769d00000, 0x00000007a0000000)
  object space 160768K, 39% used [0x0000000760000000,0x0000000763e6fa78,0x0000000769d00000)
 Metaspace       used 74757K, capacity 81548K, committed 81792K, reserved 1120256K
  class space    used 9267K, capacity 10036K, committed 10112K, reserved 1048576K
Event: 6487.503 GC heap after
Heap after GC invocations=66 (full 3):
 PSYoungGen      total 125440K, used 13732K [0x00000007a0000000, 0x00000007a9d00000, 0x00000007c0000000)
  eden space 111616K, 0% used [0x00000007a0000000,0x00000007a0000000,0x00000007a6d00000)
  from space 13824K, 99% used [0x00000007a6f80000,0x00000007a7ce9388,0x00000007a7d00000)
  to   space 24576K, 0% used [0x00000007a8500000,0x00000007a8500000,0x00000007a9d00000)
 ParOldGen       total 160768K, used 64022K [0x0000000760000000, 0x0000000769d00000, 0x00000007a0000000)
  object space 160768K, 39% used [0x0000000760000000,0x0000000763e85a78,0x0000000769d00000)
 Metaspace       used 74757K, capacity 81548K, committed 81792K, reserved 1120256K
  class space    used 9267K, capacity 10036K, committed 10112K, reserved 1048576K
}
Event: 6598.402 GC heap before
{Heap before GC invocations=67 (full 3):
 PSYoungGen      total 125440K, used 125348K [0x00000007a0000000, 0x00000007a9d00000, 0x00000007c0000000)
  eden space 111616K, 100% used [0x00000007a0000000,0x00000007a6d00000,0x00000007a6d00000)
  from space 13824K, 99% used [0x00000007a6f80000,0x00000007a7ce9388,0x00000007a7d00000)
  to   space 24576K, 0% used [0x00000007a8500000,0x00000007a8500000,0x00000007a9d00000)
 ParOldGen       total 160768K, used 64022K [0x0000000760000000, 0x0000000769d00000, 0x00000007a0000000)
  object space 160768K, 39% used [0x0000000760000000,0x0000000763e85a78,0x0000000769d00000)
 Metaspace       used 74798K, capacity 81636K, committed 81792K, reserved 1120256K
  class space    used 9275K, capacity 10044K, committed 10112K, reserved 1048576K

Deoptimization events (10 events):
Event: 6070.485 Thread 0x00007fe9f34e2800 Uncommon trap: reason=class_check action=maybe_recompile pc=0x0000000111209d90 method=com.android.dx.ssa.SCCP.setLatticeValueTo(IILcom/android/dx/rop/cst/Constant;)Z @ 43
Event: 6070.485 Thread 0x00007fe9f34e2800 Uncommon trap: reason=class_check action=maybe_recompile pc=0x0000000111209d90 method=com.android.dx.ssa.SCCP.setLatticeValueTo(IILcom/android/dx/rop/cst/Constant;)Z @ 43
Event: 6070.485 Thread 0x00007fe9f34e2800 Uncommon trap: reason=class_check action=maybe_recompile pc=0x0000000110c28264 method=com.android.dx.ssa.SCCP.replaceConstants()V @ 81
Event: 6189.110 Thread 0x00007fe9f704f000 Uncommon trap: reason=class_check action=maybe_recompile pc=0x0000000110c28264 method=com.android.dx.ssa.SCCP.replaceConstants()V @ 81
Event: 6314.773 Thread 0x00007fe9f71d6000 Uncommon trap: reason=unstable_if action=reinterpret pc=0x00000001114326b0 method=com.android.dx.rop.code.DexTranslationAdvice.hasConstantOperation(Lcom/android/dx/rop/code/Rop;Lcom/android/dx/rop/code/RegisterSpec;Lcom/android/dx/rop/code/RegisterSpec;)Z
Event: 6314.790 Thread 0x00007fe9f71d6000 Uncommon trap: reason=class_check action=maybe_recompile pc=0x0000000110c28264 method=com.android.dx.ssa.SCCP.replaceConstants()V @ 81
Event: 6350.164 Thread 0x00007fe9f8efe000 Uncommon trap: reason=unstable_if action=reinterpret pc=0x000000010f151500 method=com.google.common.cache.LocalCache$Segment.evictEntries()V @ 25
Event: 6351.103 Thread 0x00007fe9f351b000 Uncommon trap: reason=unstable_if action=reinterpret pc=0x000000010f4646ec method=java.util.concurrent.locks.ReentrantLock$Sync.nonfairTryAcquire(I)Z @ 19
Event: 6351.316 Thread 0x00007fe9f734c000 Uncommon trap: reason=class_check action=maybe_recompile pc=0x0000000110c28264 method=com.android.dx.ssa.SCCP.replaceConstants()V @ 81
Event: 6486.782 Thread 0x00007fe9f74be000 Uncommon trap: reason=null_check action=make_not_entrant pc=0x000000011012fef0 method=org.gradle.internal.service.DefaultServiceRegistry$CachingProvider.getFactory(Lorg/gradle/internal/service/DefaultServiceRegistry$LookupContext;Ljava/lang/Class;)Lorg/gr

Internal exceptions (10 events):
Event: 6351.701 Thread 0x00007fe9f8efe000 Exception <a 'sun/nio/fs/UnixException'> (0x00000007a0b07068) thrown at [/Volumes/Android_AOSP/AOSP-openjdk/external/jetbrains/jdk/hotspot/src/share/vm/prims/jni.cpp, line 709]
Event: 6425.984 Thread 0x00007fe9f74be000 Exception <a 'java/lang/ClassNotFoundException': asLocalRepo770_14qpc4dussq7lyfmybdwy9kjBeanInfo> (0x00000007a0fdeef0) thrown at [/Volumes/Android_AOSP/AOSP-openjdk/external/jetbrains/jdk/hotspot/src/share/vm/classfile/systemDictionary.cpp, line 210]
Event: 6425.984 Thread 0x00007fe9f74be000 Exception <a 'java/lang/ClassNotFoundException': asLocalRepo770_14qpc4dussq7lyfmybdwy9kjCustomizer> (0x00000007a0fea420) thrown at [/Volumes/Android_AOSP/AOSP-openjdk/external/jetbrains/jdk/hotspot/src/share/vm/classfile/systemDictionary.cpp, line 210]
Event: 6427.611 Thread 0x00007fe9f74be000 Exception <a 'sun/nio/fs/UnixException'> (0x00000007a6ffdb38) thrown at [/Volumes/Android_AOSP/AOSP-openjdk/external/jetbrains/jdk/hotspot/src/share/vm/prims/jni.cpp, line 709]
Event: 6486.179 Thread 0x00007fe9f74be000 Exception <a 'java/lang/ClassNotFoundException': asLocalRepo1276_4nmmj9isacrfwekjfn3u12tktBeanInfo> (0x00000007a02c2448) thrown at [/Volumes/Android_AOSP/AOSP-openjdk/external/jetbrains/jdk/hotspot/src/share/vm/classfile/systemDictionary.cpp, line 210]
Event: 6486.179 Thread 0x00007fe9f74be000 Exception <a 'java/lang/ClassNotFoundException': asLocalRepo1276_4nmmj9isacrfwekjfn3u12tktCustomizer> (0x00000007a02ce050) thrown at [/Volumes/Android_AOSP/AOSP-openjdk/external/jetbrains/jdk/hotspot/src/share/vm/classfile/systemDictionary.cpp, line 210]
Event: 6486.782 Thread 0x00007fe9f74be000 Implicit null exception at 0x000000011012eb8c to 0x000000011012fed1
Event: 6487.921 Thread 0x00007fe9f74be000 Exception <a 'sun/nio/fs/UnixException'> (0x00000007a6463450) thrown at [/Volumes/Android_AOSP/AOSP-openjdk/external/jetbrains/jdk/hotspot/src/share/vm/prims/jni.cpp, line 709]
Event: 6598.362 Thread 0x00007fe9f89a6800 Exception <a 'java/lang/ClassNotFoundException': asLocalRepo47_599i4c0czdn505x27ugkes3ceBeanInfo> (0x00000007a691f290) thrown at [/Volumes/Android_AOSP/AOSP-openjdk/external/jetbrains/jdk/hotspot/src/share/vm/classfile/systemDictionary.cpp, line 210]
Event: 6598.362 Thread 0x00007fe9f89a6800 Exception <a 'java/lang/ClassNotFoundException': asLocalRepo47_599i4c0czdn505x27ugkes3ceCustomizer> (0x00000007a692a7b0) thrown at [/Volumes/Android_AOSP/AOSP-openjdk/external/jetbrains/jdk/hotspot/src/share/vm/classfile/systemDictionary.cpp, line 210]

Events (10 events):
Event: 6598.376 loading class asLocalRepo47_599i4c0czdn505x27ugkes3ce$_run_closure1$_closure3
Event: 6598.376 loading class asLocalRepo47_599i4c0czdn505x27ugkes3ce$_run_closure1$_closure3 done
Event: 6598.376 loading class groovy/runtime/metaclass/asLocalRepo47_599i4c0czdn505x27ugkes3ce$_run_closure1$_closure3MetaClass
Event: 6598.376 loading class groovy/runtime/metaclass/asLocalRepo47_599i4c0czdn505x27ugkes3ce$_run_closure1$_closure3MetaClass done
Event: 6598.377 loading class asLocalRepo47_599i4c0czdn505x27ugkes3ce$_run_closure1$_closure3$_closure6
Event: 6598.377 loading class asLocalRepo47_599i4c0czdn505x27ugkes3ce$_run_closure1$_closure3$_closure6 done
Event: 6598.378 loading class groovy/runtime/metaclass/asLocalRepo47_599i4c0czdn505x27ugkes3ce$_run_closure1$_closure3$_closure6MetaClass
Event: 6598.378 loading class groovy/runtime/metaclass/asLocalRepo47_599i4c0czdn505x27ugkes3ce$_run_closure1$_closure3$_closure6MetaClass done
Event: 6598.379 Thread 0x00007fe9f406c000 flushing nmethod 0x000000010eed2590
Event: 6598.401 Executing VM operation: ParallelGCFailedAllocation


Dynamic libraries:
0x0000000017be7000 	/System/Library/Frameworks/Cocoa.framework/Versions/A/Cocoa
0x0000000017be7000 	/System/Library/Frameworks/Security.framework/Versions/A/Security
0x0000000017be7000 	/System/Library/Frameworks/ApplicationServices.framework/Versions/A/ApplicationServices
0x0000000017be7000 	/usr/lib/libz.1.dylib
0x0000000017be7000 	/usr/lib/libSystem.B.dylib
0x0000000017be7000 	/usr/lib/libobjc.A.dylib
0x0000000017be7000 	/System/Library/Frameworks/Foundation.framework/Versions/C/Foundation
0x0000000017be7000 	/System/Library/Frameworks/CoreFoundation.framework/Versions/A/CoreFoundation
0x0000000017be7000 	/System/Library/Frameworks/AppKit.framework/Versions/C/AppKit
0x0000000017be7000 	/System/Library/Frameworks/CoreData.framework/Versions/A/CoreData
0x0000000017be7000 	/System/Library/PrivateFrameworks/RemoteViewServices.framework/Versions/A/RemoteViewServices
0x0000000017be7000 	/System/Library/PrivateFrameworks/UIFoundation.framework/Versions/A/UIFoundation
0x0000000017be7000 	/System/Library/PrivateFrameworks/DFRFoundation.framework/Versions/A/DFRFoundation
0x0000000017be7000 	/usr/lib/libenergytrace.dylib
0x0000000017be7000 	/System/Library/PrivateFrameworks/SkyLight.framework/Versions/A/SkyLight
0x0000000017be7000 	/System/Library/Frameworks/CoreGraphics.framework/Versions/A/CoreGraphics
0x0000000017be7000 	/usr/lib/libScreenReader.dylib
0x0000000017be7000 	/System/Library/Frameworks/Accelerate.framework/Versions/A/Accelerate
0x0000000017be7000 	/System/Library/Frameworks/IOSurface.framework/Versions/A/IOSurface
0x0000000017be7000 	/System/Library/Frameworks/AudioToolbox.framework/Versions/A/AudioToolbox
0x0000000017be7000 	/System/Library/Frameworks/AudioUnit.framework/Versions/A/AudioUnit
0x0000000017be7000 	/System/Library/PrivateFrameworks/DataDetectorsCore.framework/Versions/A/DataDetectorsCore
0x0000000017be7000 	/System/Library/PrivateFrameworks/DesktopServicesPriv.framework/Versions/A/DesktopServicesPriv
0x0000000017be7000 	/System/Library/Frameworks/Carbon.framework/Versions/A/Frameworks/HIToolbox.framework/Versions/A/HIToolbox
0x0000000017be7000 	/usr/lib/libicucore.A.dylib
0x0000000017be7000 	/System/Library/Frameworks/QuartzCore.framework/Versions/A/QuartzCore
0x0000000017be7000 	/System/Library/Frameworks/Carbon.framework/Versions/A/Frameworks/SpeechRecognition.framework/Versions/A/SpeechRecognition
0x0000000017be7000 	/usr/lib/libauto.dylib
0x0000000017be7000 	/usr/lib/libxml2.2.dylib
0x0000000017be7000 	/System/Library/PrivateFrameworks/CoreUI.framework/Versions/A/CoreUI
0x0000000017be7000 	/System/Library/Frameworks/CoreAudio.framework/Versions/A/CoreAudio
0x0000000017be7000 	/System/Library/Frameworks/DiskArbitration.framework/Versions/A/DiskArbitration
0x0000000017be7000 	/usr/lib/liblangid.dylib
0x0000000017be7000 	/System/Library/PrivateFrameworks/MultitouchSupport.framework/Versions/A/MultitouchSupport
0x0000000017be7000 	/System/Library/Frameworks/IOKit.framework/Versions/A/IOKit
0x0000000017be7000 	/usr/lib/libDiagnosticMessagesClient.dylib
0x0000000017be7000 	/System/Library/Frameworks/CoreServices.framework/Versions/A/CoreServices
0x0000000017be7000 	/System/Library/PrivateFrameworks/PerformanceAnalysis.framework/Versions/A/PerformanceAnalysis
0x0000000017be7000 	/System/Library/PrivateFrameworks/GenerationalStorage.framework/Versions/A/GenerationalStorage
0x0000000017be7000 	/System/Library/Frameworks/OpenGL.framework/Versions/A/OpenGL
0x0000000017be7000 	/System/Library/Frameworks/CoreImage.framework/Versions/A/CoreImage
0x0000000017be7000 	/System/Library/Frameworks/CoreText.framework/Versions/A/CoreText
0x0000000017be7000 	/System/Library/Frameworks/ImageIO.framework/Versions/A/ImageIO
0x0000000017be7000 	/System/Library/PrivateFrameworks/Backup.framework/Versions/A/Backup
0x0000000017be7000 	/usr/lib/libarchive.2.dylib
0x0000000017be7000 	/System/Library/Frameworks/CFNetwork.framework/Versions/A/CFNetwork
0x0000000017be7000 	/System/Library/Frameworks/SystemConfiguration.framework/Versions/A/SystemConfiguration
0x0000000017be7000 	/usr/lib/libCRFSuite.dylib
0x0000000017be7000 	/usr/lib/libc++.1.dylib
0x0000000017be7000 	/usr/lib/libc++abi.dylib
0x0000000017be7000 	/usr/lib/system/libcache.dylib
0x0000000017be7000 	/usr/lib/system/libcommonCrypto.dylib
0x0000000017be7000 	/usr/lib/system/libcompiler_rt.dylib
0x0000000017be7000 	/usr/lib/system/libcopyfile.dylib
0x0000000017be7000 	/usr/lib/system/libcorecrypto.dylib
0x0000000017be7000 	/usr/lib/system/libdispatch.dylib
0x0000000017be7000 	/usr/lib/system/libdyld.dylib
0x0000000017be7000 	/usr/lib/system/libkeymgr.dylib
0x0000000017be7000 	/usr/lib/system/liblaunch.dylib
0x0000000017be7000 	/usr/lib/system/libmacho.dylib
0x0000000017be7000 	/usr/lib/system/libquarantine.dylib
0x0000000017be7000 	/usr/lib/system/libremovefile.dylib
0x0000000017be7000 	/usr/lib/system/libsystem_asl.dylib
0x0000000017be7000 	/usr/lib/system/libsystem_blocks.dylib
0x0000000017be7000 	/usr/lib/system/libsystem_c.dylib
0x0000000017be7000 	/usr/lib/system/libsystem_configuration.dylib
0x0000000017be7000 	/usr/lib/system/libsystem_coreservices.dylib
0x0000000017be7000 	/usr/lib/system/libsystem_coretls.dylib
0x0000000017be7000 	/usr/lib/system/libsystem_dnssd.dylib
0x0000000017be7000 	/usr/lib/system/libsystem_info.dylib
0x0000000017be7000 	/usr/lib/system/libsystem_kernel.dylib
0x0000000017be7000 	/usr/lib/system/libsystem_m.dylib
0x0000000017be7000 	/usr/lib/system/libsystem_malloc.dylib
0x0000000017be7000 	/usr/lib/system/libsystem_network.dylib
0x0000000017be7000 	/usr/lib/system/libsystem_networkextension.dylib
0x0000000017be7000 	/usr/lib/system/libsystem_notify.dylib
0x0000000017be7000 	/usr/lib/system/libsystem_platform.dylib
0x0000000017be7000 	/usr/lib/system/libsystem_pthread.dylib
0x0000000017be7000 	/usr/lib/system/libsystem_sandbox.dylib
0x0000000017be7000 	/usr/lib/system/libsystem_secinit.dylib
0x0000000017be7000 	/usr/lib/system/libsystem_symptoms.dylib
0x0000000017be7000 	/usr/lib/system/libsystem_trace.dylib
0x0000000017be7000 	/usr/lib/system/libunwind.dylib
0x0000000017be7000 	/usr/lib/system/libxpc.dylib
0x0000000017be7000 	/usr/lib/libbsm.0.dylib
0x0000000017be7000 	/usr/lib/system/libkxld.dylib
0x0000000017be7000 	/usr/lib/libcoretls.dylib
0x0000000017be7000 	/usr/lib/libcoretls_cfhelpers.dylib
0x0000000017be7000 	/usr/lib/libxar.1.dylib
0x0000000017be7000 	/usr/lib/libsqlite3.dylib
0x0000000017be7000 	/usr/lib/libpam.2.dylib
0x0000000017be7000 	/usr/lib/libOpenScriptingUtil.dylib
0x0000000017be7000 	/usr/lib/libbz2.1.0.dylib
0x0000000017be7000 	/usr/lib/liblzma.5.dylib
0x0000000017be7000 	/usr/lib/libnetwork.dylib
0x0000000017be7000 	/usr/lib/libpcap.A.dylib
0x0000000017be7000 	/System/Library/Frameworks/CoreServices.framework/Versions/A/Frameworks/FSEvents.framework/Versions/A/FSEvents
0x0000000017be7000 	/System/Library/Frameworks/CoreServices.framework/Versions/A/Frameworks/CarbonCore.framework/Versions/A/CarbonCore
0x0000000017be7000 	/System/Library/Frameworks/CoreServices.framework/Versions/A/Frameworks/Metadata.framework/Versions/A/Metadata
0x0000000017be7000 	/System/Library/Frameworks/CoreServices.framework/Versions/A/Frameworks/OSServices.framework/Versions/A/OSServices
0x0000000017be7000 	/System/Library/Frameworks/CoreServices.framework/Versions/A/Frameworks/SearchKit.framework/Versions/A/SearchKit
0x0000000017be7000 	/System/Library/Frameworks/CoreServices.framework/Versions/A/Frameworks/AE.framework/Versions/A/AE
0x0000000017be7000 	/System/Library/Frameworks/CoreServices.framework/Versions/A/Frameworks/LaunchServices.framework/Versions/A/LaunchServices
0x0000000017be7000 	/System/Library/Frameworks/CoreServices.framework/Versions/A/Frameworks/DictionaryServices.framework/Versions/A/DictionaryServices
0x0000000017be7000 	/System/Library/Frameworks/CoreServices.framework/Versions/A/Frameworks/SharedFileList.framework/Versions/A/SharedFileList
0x0000000017be7000 	/System/Library/Frameworks/NetFS.framework/Versions/A/NetFS
0x0000000017be7000 	/System/Library/PrivateFrameworks/NetAuth.framework/Versions/A/NetAuth
0x0000000017be7000 	/System/Library/PrivateFrameworks/login.framework/Versions/A/Frameworks/loginsupport.framework/Versions/A/loginsupport
0x0000000017be7000 	/System/Library/PrivateFrameworks/TCC.framework/Versions/A/TCC
0x0000000017be7000 	/usr/lib/libmecabra.dylib
0x0000000017be7000 	/System/Library/Frameworks/ApplicationServices.framework/Versions/A/Frameworks/ATS.framework/Versions/A/ATS
0x0000000017be7000 	/System/Library/Frameworks/ApplicationServices.framework/Versions/A/Frameworks/ColorSync.framework/Versions/A/ColorSync
0x0000000017be7000 	/System/Library/Frameworks/ApplicationServices.framework/Versions/A/Frameworks/HIServices.framework/Versions/A/HIServices
0x0000000017be7000 	/System/Library/Frameworks/ApplicationServices.framework/Versions/A/Frameworks/LangAnalysis.framework/Versions/A/LangAnalysis
0x0000000017be7000 	/System/Library/Frameworks/ApplicationServices.framework/Versions/A/Frameworks/PrintCore.framework/Versions/A/PrintCore
0x0000000017be7000 	/System/Library/Frameworks/ApplicationServices.framework/Versions/A/Frameworks/QD.framework/Versions/A/QD
0x0000000017be7000 	/System/Library/Frameworks/ApplicationServices.framework/Versions/A/Frameworks/SpeechSynthesis.framework/Versions/A/SpeechSynthesis
0x0000000017be7000 	/System/Library/Frameworks/Accelerate.framework/Versions/A/Frameworks/vImage.framework/Versions/A/vImage
0x0000000017be7000 	/System/Library/Frameworks/Accelerate.framework/Versions/A/Frameworks/vecLib.framework/Versions/A/vecLib
0x0000000017be7000 	/System/Library/Frameworks/Accelerate.framework/Versions/A/Frameworks/vecLib.framework/Versions/A/libvDSP.dylib
0x0000000017be7000 	/System/Library/Frameworks/Accelerate.framework/Versions/A/Frameworks/vecLib.framework/Versions/A/libBNNS.dylib
0x0000000017be7000 	/System/Library/Frameworks/Accelerate.framework/Versions/A/Frameworks/vecLib.framework/Versions/A/libQuadrature.dylib
0x0000000017be7000 	/System/Library/Frameworks/Accelerate.framework/Versions/A/Frameworks/vecLib.framework/Versions/A/libvMisc.dylib
0x0000000017be7000 	/System/Library/Frameworks/Accelerate.framework/Versions/A/Frameworks/vecLib.framework/Versions/A/libLAPACK.dylib
0x0000000017be7000 	/System/Library/Frameworks/Accelerate.framework/Versions/A/Frameworks/vecLib.framework/Versions/A/libBLAS.dylib
0x0000000017be7000 	/System/Library/Frameworks/Accelerate.framework/Versions/A/Frameworks/vecLib.framework/Versions/A/libLinearAlgebra.dylib
0x0000000017be7000 	/System/Library/Frameworks/Accelerate.framework/Versions/A/Frameworks/vecLib.framework/Versions/A/libSparseBLAS.dylib
0x0000000017be7000 	/System/Library/Frameworks/ApplicationServices.framework/Versions/A/Frameworks/ATS.framework/Versions/A/Resources/libFontParser.dylib
0x0000000017be7000 	/System/Library/Frameworks/ApplicationServices.framework/Versions/A/Frameworks/ATS.framework/Versions/A/Resources/libFontRegistry.dylib
0x0000000017be7000 	/System/Library/Frameworks/ImageIO.framework/Versions/A/Resources/libJPEG.dylib
0x0000000017be7000 	/System/Library/Frameworks/ImageIO.framework/Versions/A/Resources/libTIFF.dylib
0x0000000017be7000 	/System/Library/Frameworks/ImageIO.framework/Versions/A/Resources/libPng.dylib
0x0000000017be7000 	/System/Library/Frameworks/ImageIO.framework/Versions/A/Resources/libGIF.dylib
0x0000000017be7000 	/System/Library/Frameworks/ImageIO.framework/Versions/A/Resources/libJP2.dylib
0x0000000017be7000 	/System/Library/Frameworks/ImageIO.framework/Versions/A/Resources/libRadiance.dylib
0x0000000017be7000 	/usr/lib/libcompression.dylib
0x0000000017be7000 	/System/Library/PrivateFrameworks/AppleJPEG.framework/Versions/A/AppleJPEG
0x0000000017be7000 	/usr/lib/libcups.2.dylib
0x0000000017be7000 	/System/Library/Frameworks/Kerberos.framework/Versions/A/Kerberos
0x0000000017be7000 	/System/Library/Frameworks/GSS.framework/Versions/A/GSS
0x0000000017be7000 	/usr/lib/libresolv.9.dylib
0x0000000017be7000 	/usr/lib/libiconv.2.dylib
0x0000000017be7000 	/System/Library/PrivateFrameworks/Heimdal.framework/Versions/A/Heimdal
0x0000000017be7000 	/usr/lib/libheimdal-asn1.dylib
0x0000000017be7000 	/System/Library/Frameworks/OpenDirectory.framework/Versions/A/OpenDirectory
0x0000000017be7000 	/System/Library/PrivateFrameworks/CommonAuth.framework/Versions/A/CommonAuth
0x0000000017be7000 	/System/Library/Frameworks/OpenDirectory.framework/Versions/A/Frameworks/CFOpenDirectory.framework/Versions/A/CFOpenDirectory
0x0000000017be7000 	/System/Library/Frameworks/SecurityFoundation.framework/Versions/A/SecurityFoundation
0x0000000017be7000 	/System/Library/PrivateFrameworks/LanguageModeling.framework/Versions/A/LanguageModeling
0x0000000017be7000 	/usr/lib/libmarisa.dylib
0x0000000017be7000 	/usr/lib/libChineseTokenizer.dylib
0x0000000017be7000 	/usr/lib/libcmph.dylib
0x0000000017be7000 	/System/Library/PrivateFrameworks/CoreEmoji.framework/Versions/A/CoreEmoji
0x0000000017be7000 	/System/Library/Frameworks/ServiceManagement.framework/Versions/A/ServiceManagement
0x0000000017be7000 	/usr/lib/libxslt.1.dylib
0x0000000017be7000 	/System/Library/Frameworks/Carbon.framework/Versions/A/Frameworks/Ink.framework/Versions/A/Ink
0x0000000017be7000 	/System/Library/PrivateFrameworks/TextureIO.framework/Versions/A/TextureIO
0x0000000017be7000 	/System/Library/Frameworks/Metal.framework/Versions/A/Metal
0x0000000017be7000 	/usr/lib/libate.dylib
0x0000000017be7000 	/System/Library/PrivateFrameworks/GPUCompiler.framework/libmetal_timestamp.dylib
0x0000000017be7000 	/System/Library/Frameworks/OpenGL.framework/Versions/A/Libraries/libCoreFSCache.dylib
0x0000000017be7000 	/System/Library/PrivateFrameworks/IOAccelerator.framework/Versions/A/IOAccelerator
0x0000000017be7000 	/System/Library/Frameworks/CoreVideo.framework/Versions/A/CoreVideo
0x0000000017be7000 	/usr/lib/libFosl_dynamic.dylib
0x0000000017be7000 	/System/Library/PrivateFrameworks/MetalPerformanceShaders.framework/Versions/A/MetalPerformanceShaders
0x0000000017be7000 	/System/Library/PrivateFrameworks/FaceCore.framework/Versions/A/FaceCore
0x0000000017be7000 	/System/Library/Frameworks/OpenCL.framework/Versions/A/OpenCL
0x0000000017be7000 	/System/Library/Frameworks/OpenGL.framework/Versions/A/Libraries/libGLU.dylib
0x0000000017be7000 	/System/Library/Frameworks/OpenGL.framework/Versions/A/Libraries/libGFXShared.dylib
0x0000000017be7000 	/System/Library/Frameworks/OpenGL.framework/Versions/A/Libraries/libGL.dylib
0x0000000017be7000 	/System/Library/Frameworks/OpenGL.framework/Versions/A/Libraries/libGLImage.dylib
0x0000000017be7000 	/System/Library/Frameworks/OpenGL.framework/Versions/A/Libraries/libCVMSPluginSupport.dylib
0x0000000017be7000 	/System/Library/Frameworks/OpenGL.framework/Versions/A/Libraries/libCoreVMClient.dylib
0x0000000017be7000 	/System/Library/PrivateFrameworks/CrashReporterSupport.framework/Versions/A/CrashReporterSupport
0x0000000017be7000 	/System/Library/PrivateFrameworks/Sharing.framework/Versions/A/Sharing
0x0000000017be7000 	/System/Library/PrivateFrameworks/IconServices.framework/Versions/A/IconServices
0x0000000017be7000 	/System/Library/PrivateFrameworks/ProtocolBuffer.framework/Versions/A/ProtocolBuffer
0x0000000017be7000 	/System/Library/PrivateFrameworks/Apple80211.framework/Versions/A/Apple80211
0x0000000017be7000 	/System/Library/Frameworks/CoreWLAN.framework/Versions/A/CoreWLAN
0x0000000017be7000 	/System/Library/PrivateFrameworks/CoreUtils.framework/Versions/A/CoreUtils
0x0000000017be7000 	/System/Library/Frameworks/IOBluetooth.framework/Versions/A/IOBluetooth
0x0000000017be7000 	/System/Library/PrivateFrameworks/CoreWiFi.framework/Versions/A/CoreWiFi
0x0000000017be7000 	/System/Library/Frameworks/CoreBluetooth.framework/Versions/A/CoreBluetooth
0x0000000017be7000 	/System/Library/Frameworks/CoreDisplay.framework/Versions/A/CoreDisplay
0x0000000017be7000 	/System/Library/PrivateFrameworks/IOPresentment.framework/Versions/A/IOPresentment
0x0000000017be7000 	/System/Library/PrivateFrameworks/DebugSymbols.framework/Versions/A/DebugSymbols
0x0000000017be7000 	/System/Library/PrivateFrameworks/CoreSymbolication.framework/Versions/A/CoreSymbolication
0x0000000017be7000 	/System/Library/PrivateFrameworks/Symbolication.framework/Versions/A/Symbolication
0x0000000017be7000 	/System/Library/PrivateFrameworks/AppleFSCompression.framework/Versions/A/AppleFSCompression
0x0000000017be7000 	/System/Library/PrivateFrameworks/SpeechRecognitionCore.framework/Versions/A/SpeechRecognitionCore
0x0000000017be7000 	/System/Library/PrivateFrameworks/ChunkingLibrary.framework/Versions/A/ChunkingLibrary
0x000000010d800000 	/Applications/Android Studio.app/Contents/jre/jdk/Contents/Home/jre/lib/server/libjvm.dylib
0x0000000017be7000 	/usr/lib/libstdc++.6.dylib
0x000000010cd61000 	/Applications/Android Studio.app/Contents/jre/jdk/Contents/Home/jre/lib/libverify.dylib
0x000000010cd6e000 	/Applications/Android Studio.app/Contents/jre/jdk/Contents/Home/jre/lib/libjava.dylib
0x000000010cdad000 	/Applications/Android Studio.app/Contents/jre/jdk/Contents/Home/jre/lib/libzip.dylib
0x00000001227f2000 	/System/Library/Frameworks/JavaVM.framework/Frameworks/JavaRuntimeSupport.framework/JavaRuntimeSupport
0x000000010cece000 	/System/Library/Frameworks/JavaVM.framework/Versions/A/Frameworks/JavaNativeFoundation.framework/Versions/A/JavaNativeFoundation
0x000000012280c000 	/System/Library/Frameworks/JavaVM.framework/Versions/A/JavaVM
0x0000000017be7000 	/System/Library/Frameworks/Carbon.framework/Versions/A/Carbon
0x0000000122819000 	/System/Library/PrivateFrameworks/JavaLaunching.framework/Versions/A/JavaLaunching
0x0000000017be7000 	/System/Library/Frameworks/Carbon.framework/Versions/A/Frameworks/CommonPanels.framework/Versions/A/CommonPanels
0x0000000017be7000 	/System/Library/Frameworks/Carbon.framework/Versions/A/Frameworks/Help.framework/Versions/A/Help
0x0000000017be7000 	/System/Library/Frameworks/Carbon.framework/Versions/A/Frameworks/ImageCapture.framework/Versions/A/ImageCapture
0x0000000017be7000 	/System/Library/Frameworks/Carbon.framework/Versions/A/Frameworks/OpenScripting.framework/Versions/A/OpenScripting
0x0000000017be7000 	/System/Library/Frameworks/Carbon.framework/Versions/A/Frameworks/Print.framework/Versions/A/Print
0x0000000017be7000 	/System/Library/Frameworks/Carbon.framework/Versions/A/Frameworks/SecurityHI.framework/Versions/A/SecurityHI
0x000000012473e000 	/Applications/Android Studio.app/Contents/jre/jdk/Contents/Home/jre/lib/libnet.dylib
0x0000000124755000 	/Applications/Android Studio.app/Contents/jre/jdk/Contents/Home/jre/lib/libnio.dylib
0x0000000124765000 	/Users/Lukas/.gradle/native/23/osx-amd64/libnative-platform.dylib
0x0000000124a16000 	/Applications/Android Studio.app/Contents/jre/jdk/Contents/Home/jre/lib/libmanagement.dylib
0x0000000124581000 	/Applications/Android Studio.app/Contents/jre/jdk/Contents/Home/jre/lib/libsunec.dylib

VM Arguments:
jvm_args: -Xmx1536m -Dfile.encoding=UTF-8 -Duser.country=DE -Duser.language=de -Duser.variant 
java_command: org.gradle.launcher.daemon.bootstrap.GradleDaemon 3.3
java_class_path (initial): /Users/Lukas/.gradle/wrapper/dists/gradle-3.3-all/55gk2rcmfc6p2dg9u9ohc3hw9/gradle-3.3/lib/gradle-launcher-3.3.jar
Launcher Type: SUN_STANDARD

Environment Variables:
PATH=/usr/bin:/bin:/usr/sbin:/sbin
SHELL=/bin/bash

Signal Handlers:
SIGSEGV: [libjvm.dylib+0x57e9cd], sa_mask[0]=11111111011111110111111111111111, sa_flags=SA_ONSTACK|SA_RESTART|SA_SIGINFO
SIGBUS: [libjvm.dylib+0x57e9cd], sa_mask[0]=11111111011111110111111111111111, sa_flags=SA_RESTART|SA_SIGINFO
SIGFPE: [libjvm.dylib+0x45951c], sa_mask[0]=11111111011111110111111111111111, sa_flags=SA_RESTART|SA_SIGINFO
SIGPIPE: [libjvm.dylib+0x45951c], sa_mask[0]=11111111011111110111111111111111, sa_flags=SA_RESTART|SA_SIGINFO
SIGXFSZ: [libjvm.dylib+0x45951c], sa_mask[0]=11111111011111110111111111111111, sa_flags=SA_RESTART|SA_SIGINFO
SIGILL: [libjvm.dylib+0x45951c], sa_mask[0]=11111111011111110111111111111111, sa_flags=SA_RESTART|SA_SIGINFO
SIGUSR1: SIG_DFL, sa_mask[0]=00000000000000000000000000000000, sa_flags=none
SIGUSR2: [libjvm.dylib+0x45903a], sa_mask[0]=00100000000000000000000000000000, sa_flags=SA_RESTART|SA_SIGINFO
SIGHUP: [libjvm.dylib+0x457611], sa_mask[0]=11111111011111110111111111111111, sa_flags=SA_RESTART|SA_SIGINFO
SIGINT: [libjvm.dylib+0x457611], sa_mask[0]=11111111011111110111111111111111, sa_flags=SA_RESTART|SA_SIGINFO
SIGTERM: [libjvm.dylib+0x457611], sa_mask[0]=11111111011111110111111111111111, sa_flags=SA_RESTART|SA_SIGINFO
SIGQUIT: [libjvm.dylib+0x457611], sa_mask[0]=11111111011111110111111111111111, sa_flags=SA_RESTART|SA_SIGINFO


---------------  S Y S T E M  ---------------

OS:Bsduname:Darwin 16.4.0 Darwin Kernel Version 16.4.0: Thu Dec 22 22:53:21 PST 2016; root:xnu-3789.41.3~3/RELEASE_X86_64 x86_64
rlimit: STACK 8192k, CORE 0k, NPROC 709, NOFILE 10240, AS infinity
load average:2.18 2.56 3.87

CPU:total 4 (2 cores per cpu, 2 threads per core) family 6 model 42 stepping 7, cmov, cx8, fxsr, mmx, sse, sse2, sse3, ssse3, sse4.1, sse4.2, popcnt, avx, aes, clmul, ht, tsc, tscinvbit

Memory: 4k page, physical 8388608k(37344k free)

/proc/meminfo:


vm_info: OpenJDK 64-Bit Server VM (25.112-b06) for bsd-amd64 JRE (1.8.0_112-release-b06), built on Dec  6 2016 12:18:58 by "builder" with gcc 4.2.1 (Based on Apple Inc. build 5658) (LLVM build 2336.11.00)

time: Sat Mar 11 23:26:41 2017
elapsed time: 6598 seconds (0d 1h 49m 58s)

